2024 Activity at 2024-01-02T16:33:11: Update dependencies to latest stable versions (2024)
2024 Activity at 2024-01-02T18:37:32: Improve documentation for REST API endpoints
2024 Activity at 2024-01-02T16:41:24: Update dependencies to latest stable versions (2024)
2024 Activity at 2024-01-02T09:45:26: Add comprehensive unit tests for core ML modules
2024 Activity at 2024-01-02T14:47:49: Improve documentation for REST API endpoints
2024 Activity at 2024-01-02T19:03:39: Refactor data loading pipeline for higher throughput
2024 Activity at 2024-01-05T09:43:12: Optimize GPU memory allocation for large models
2024 Activity at 2024-01-05T10:38:24: Fix bug in loss function calculation for edge cases
2024 Activity at 2024-01-05T11:35:26: Optimize GPU memory allocation for large models
2024 Activity at 2024-01-05T14:30:10: Update dependencies to latest stable versions (2024)
2024 Activity at 2024-01-05T17:50:34: Benchmark inference latency across multiple devices
2024 Activity at 2024-01-05T14:44:24: Clean up unused variables and deprecated functions
2024 Activity at 2024-01-05T15:38:54: Sync with upstream repository changes and updates
2024 Activity at 2024-01-05T18:59:59: Add support for multi-GPU training via DDP
2024 Activity at 2024-01-05T19:00:07: Enhance logging for debugging production-level issues
2024 Activity at 2024-01-05T17:26:34: Benchmark inference latency across multiple devices
2024 Activity at 2024-01-05T14:02:10: Initial prototype for feature extraction in real-time
2024 Activity at 2024-01-05T15:13:59: Update README with latest performance benchmarks
2024 Activity at 2024-01-08T16:01:22: Merge feature branch into main for the next release
2024 Activity at 2024-01-08T15:21:56: Improve model serialization and loading efficiency
2024 Activity at 2024-01-08T11:34:22: Add comprehensive unit tests for core ML modules
2024 Activity at 2024-01-08T09:14:44: Add support for multi-GPU training via DDP
2024 Activity at 2024-01-08T11:15:46: Address code review feedback from the senior team
2024 Activity at 2024-01-08T11:35:59: Clean up unused variables and deprecated functions
2024 Activity at 2024-01-11T12:00:07: Benchmark inference latency across multiple devices
2024 Activity at 2024-01-11T10:38:45: Benchmark inference latency across multiple devices
2024 Activity at 2024-01-11T13:59:03: Clean up unused variables and deprecated functions
2024 Activity at 2024-01-11T09:29:06: Address code review feedback from the senior team
2024 Activity at 2024-01-11T13:45:05: Add support for transformer-based models in inference
2024 Activity at 2024-01-12T09:21:39: Improve model serialization and loading efficiency
2024 Activity at 2024-01-12T19:02:22: Improve model serialization and loading efficiency
2024 Activity at 2024-01-12T14:45:26: Update dependencies to latest stable versions (2024)
2024 Activity at 2024-01-12T10:46:07: Clean up unused variables and deprecated functions
2024 Activity at 2024-01-12T18:39:54: Fix potential race condition in the data pipeline
2024 Activity at 2024-01-12T16:35:27: Merge feature branch into main for the next release
2024 Activity at 2024-01-12T16:11:36: Address code review feedback from the senior team
2024 Activity at 2024-01-12T09:47:58: Fix bug in loss function calculation for edge cases
2024 Activity at 2024-01-12T19:39:39: Improve model serialization and loading efficiency
2024 Activity at 2024-01-12T19:37:06: Improve model serialization and loading efficiency
2024 Activity at 2024-01-17T16:30:50: Optimize GPU memory allocation for large models
2024 Activity at 2024-01-17T16:58:44: Initial prototype for feature extraction in real-time
2024 Activity at 2024-01-17T14:50:45: Refactor data loading pipeline for higher throughput
2024 Activity at 2024-01-19T09:40:19: Refactor data loading pipeline for higher throughput
2024 Activity at 2024-01-19T18:18:51: Optimize neural network architecture for better performance
2024 Activity at 2024-01-19T18:14:33: Enhance logging for debugging production-level issues
2024 Activity at 2024-01-19T11:49:21: Update dependencies to latest stable versions (2024)
2024 Activity at 2024-01-19T17:39:23: Benchmark inference latency across multiple devices
2024 Activity at 2024-01-19T16:33:52: Add comprehensive unit tests for core ML modules
2024 Activity at 2024-01-19T14:05:36: Update dependencies to latest stable versions (2024)
2024 Activity at 2024-01-22T16:15:03: Improve documentation for REST API endpoints
2024 Activity at 2024-01-22T13:24:58: Merge feature branch into main for the next release
2024 Activity at 2024-01-22T16:19:33: Add support for transformer-based models in inference
2024 Activity at 2024-01-22T10:56:15: Optimize neural network architecture for better performance
2024 Activity at 2024-01-25T17:07:32: Improve model serialization and loading efficiency
2024 Activity at 2024-01-25T11:02:37: Add support for multi-GPU training via DDP
2024 Activity at 2024-01-25T12:09:12: Address code review feedback from the senior team
2024 Activity at 2024-01-25T12:55:39: Optimize GPU memory allocation for large models
2024 Activity at 2024-01-25T12:53:45: Refactor data loading pipeline for higher throughput
2024 Activity at 2024-01-25T14:47:33: Merge feature branch into main for the next release
2024 Activity at 2024-01-25T10:08:46: Initial prototype for feature extraction in real-time
2024 Activity at 2024-01-25T14:10:01: Optimize neural network architecture for better performance
2024 Activity at 2024-01-25T17:39:35: Fix bug in loss function calculation for edge cases
2024 Activity at 2024-01-25T11:40:24: Sync with upstream repository changes and updates
2024 Activity at 2024-01-25T15:39:02: Enhance logging for debugging production-level issues
2024 Activity at 2024-01-25T14:34:46: Improve documentation for REST API endpoints
2024 Activity at 2024-01-26T09:08:40: Add comprehensive unit tests for core ML modules
2024 Activity at 2024-01-26T13:34:05: Clean up unused variables and deprecated functions
2024 Activity at 2024-01-29T16:31:53: Benchmark inference latency across multiple devices
2024 Activity at 2024-01-29T18:32:19: Add comprehensive unit tests for core ML modules
2024 Activity at 2024-01-29T14:12:14: Add support for transformer-based models in inference
2024 Activity at 2024-01-29T09:06:02: Improve documentation for REST API endpoints
2024 Activity at 2024-01-29T12:59:15: Add comprehensive unit tests for core ML modules
2024 Activity at 2024-01-29T09:43:08: Enhance logging for debugging production-level issues
2024 Activity at 2024-01-29T15:18:40: Optimize GPU memory allocation for large models
2024 Activity at 2024-01-29T17:36:27: Optimize neural network architecture for better performance
2024 Activity at 2024-01-29T12:12:10: Sync with upstream repository changes and updates
2024 Activity at 2024-01-29T16:55:17: Clean up unused variables and deprecated functions
2024 Activity at 2024-01-30T15:07:29: Enhance logging for debugging production-level issues
2024 Activity at 2024-02-07T17:36:51: Add comprehensive unit tests for core ML modules
2024 Activity at 2024-02-07T12:26:14: Update README with latest performance benchmarks
2024 Activity at 2024-02-08T19:17:25: Optimize neural network architecture for better performance
2024 Activity at 2024-02-08T18:30:06: Enhance logging for debugging production-level issues
2024 Activity at 2024-02-08T12:13:11: Clean up unused variables and deprecated functions
2024 Activity at 2024-02-12T11:43:17: Sync with upstream repository changes and updates
2024 Activity at 2024-02-12T12:28:43: Implement early stopping logic in the training loop
2024 Activity at 2024-02-13T11:25:51: Fix bug in loss function calculation for edge cases
2024 Activity at 2024-02-13T14:53:34: Fix bug in loss function calculation for edge cases
2024 Activity at 2024-02-13T12:21:21: Refactor data loading pipeline for higher throughput
2024 Activity at 2024-02-13T19:41:01: Add support for multi-GPU training via DDP
2024 Activity at 2024-02-13T19:45:55: Fix bug in loss function calculation for edge cases
2024 Activity at 2024-02-13T17:12:22: Improve model serialization and loading efficiency
2024 Activity at 2024-02-13T19:33:12: Add comprehensive unit tests for core ML modules
2024 Activity at 2024-02-14T16:17:32: Optimize neural network architecture for better performance
2024 Activity at 2024-02-14T16:14:11: Update README with latest performance benchmarks
2024 Activity at 2024-02-14T19:16:13: Merge feature branch into main for the next release
2024 Activity at 2024-02-14T12:37:27: Improve documentation for REST API endpoints
2024 Activity at 2024-02-14T15:55:55: Update dependencies to latest stable versions (2024)
2024 Activity at 2024-02-14T18:53:56: Add support for multi-GPU training via DDP
2024 Activity at 2024-02-14T09:36:04: Fix potential race condition in the data pipeline
2024 Activity at 2024-02-14T09:32:06: Improve documentation for REST API endpoints
2024 Activity at 2024-02-15T10:46:15: Clean up unused variables and deprecated functions
2024 Activity at 2024-02-15T16:19:17: Sync with upstream repository changes and updates
2024 Activity at 2024-02-15T15:00:13: Optimize GPU memory allocation for large models
2024 Activity at 2024-02-15T15:20:24: Initial prototype for feature extraction in real-time
2024 Activity at 2024-02-15T16:53:59: Add support for transformer-based models in inference
2024 Activity at 2024-02-15T17:58:13: Refactor data loading pipeline for higher throughput
2024 Activity at 2024-02-15T13:09:50: Sync with upstream repository changes and updates
2024 Activity at 2024-02-15T18:57:47: Enhance logging for debugging production-level issues
2024 Activity at 2024-02-15T10:59:58: Optimize neural network architecture for better performance
2024 Activity at 2024-02-15T13:41:27: Implement early stopping logic in the training loop
2024 Activity at 2024-02-15T18:17:03: Optimize neural network architecture for better performance
2024 Activity at 2024-02-16T15:57:55: Update README with latest performance benchmarks
2024 Activity at 2024-02-21T12:53:04: Address code review feedback from the senior team
2024 Activity at 2024-02-21T12:29:40: Update dependencies to latest stable versions (2024)
2024 Activity at 2024-02-21T15:47:08: Address code review feedback from the senior team
2024 Activity at 2024-02-21T10:03:22: Optimize neural network architecture for better performance
2024 Activity at 2024-02-21T18:27:42: Improve documentation for REST API endpoints
2024 Activity at 2024-02-21T12:48:22: Update dependencies to latest stable versions (2024)
2024 Activity at 2024-02-21T12:49:14: Fix potential race condition in the data pipeline
2024 Activity at 2024-02-21T15:55:28: Sync with upstream repository changes and updates
2024 Activity at 2024-02-21T10:06:22: Sync with upstream repository changes and updates
2024 Activity at 2024-02-21T19:57:12: Improve model serialization and loading efficiency
2024 Activity at 2024-02-21T15:16:59: Improve documentation for REST API endpoints
2024 Activity at 2024-02-21T11:05:42: Implement early stopping logic in the training loop
2024 Activity at 2024-02-22T18:00:23: Improve documentation for REST API endpoints
2024 Activity at 2024-02-22T11:10:35: Address code review feedback from the senior team
2024 Activity at 2024-02-22T12:42:22: Implement early stopping logic in the training loop
2024 Activity at 2024-02-22T18:57:29: Optimize GPU memory allocation for large models
2024 Activity at 2024-02-22T14:31:24: Add support for multi-GPU training via DDP
2024 Activity at 2024-02-23T09:48:25: Add support for multi-GPU training via DDP
2024 Activity at 2024-02-23T19:58:43: Optimize neural network architecture for better performance
2024 Activity at 2024-02-23T11:54:06: Add comprehensive unit tests for core ML modules
2024 Activity at 2024-02-23T15:31:48: Update dependencies to latest stable versions (2024)
2024 Activity at 2024-02-23T10:39:35: Add support for multi-GPU training via DDP
2024 Activity at 2024-02-23T15:03:27: Initial prototype for feature extraction in real-time
2024 Activity at 2024-02-23T15:01:43: Improve model serialization and loading efficiency
2024 Activity at 2024-02-23T14:07:34: Implement early stopping logic in the training loop
2024 Activity at 2024-02-23T18:45:27: Sync with upstream repository changes and updates
2024 Activity at 2024-02-23T16:02:58: Optimize neural network architecture for better performance
2024 Activity at 2024-02-23T13:44:08: Clean up unused variables and deprecated functions
2024 Activity at 2024-02-26T11:25:02: Initial prototype for feature extraction in real-time
2024 Activity at 2024-02-26T16:34:57: Add support for multi-GPU training via DDP
2024 Activity at 2024-02-26T18:29:55: Improve documentation for REST API endpoints
2024 Activity at 2024-02-26T09:56:22: Improve documentation for REST API endpoints
2024 Activity at 2024-02-28T13:14:56: Clean up unused variables and deprecated functions
2024 Activity at 2024-02-28T09:31:34: Fix potential race condition in the data pipeline
2024 Activity at 2024-02-28T14:10:22: Fix potential race condition in the data pipeline
2024 Activity at 2024-02-28T13:24:07: Optimize neural network architecture for better performance
2024 Activity at 2024-02-28T18:35:24: Merge feature branch into main for the next release
2024 Activity at 2024-02-28T17:55:07: Update dependencies to latest stable versions (2024)
2024 Activity at 2024-02-28T09:55:47: Optimize GPU memory allocation for large models
2024 Activity at 2024-02-28T14:11:50: Optimize GPU memory allocation for large models
2024 Activity at 2024-02-28T15:28:11: Improve documentation for REST API endpoints
2024 Activity at 2024-03-01T19:22:20: Enhance logging for debugging production-level issues
2024 Activity at 2024-03-05T17:28:21: Merge feature branch into main for the next release
2024 Activity at 2024-03-05T16:35:24: Add support for multi-GPU training via DDP
2024 Activity at 2024-03-05T18:13:25: Sync with upstream repository changes and updates
2024 Activity at 2024-03-05T10:30:14: Fix bug in loss function calculation for edge cases
2024 Activity at 2024-03-05T12:21:45: Add support for multi-GPU training via DDP
2024 Activity at 2024-03-05T12:54:40: Improve documentation for REST API endpoints
2024 Activity at 2024-03-05T19:41:17: Implement early stopping logic in the training loop
2024 Activity at 2024-03-05T09:02:17: Add support for transformer-based models in inference
2024 Activity at 2024-03-06T12:43:41: Initial prototype for feature extraction in real-time
2024 Activity at 2024-03-06T14:13:22: Benchmark inference latency across multiple devices
2024 Activity at 2024-03-06T11:39:04: Implement early stopping logic in the training loop
2024 Activity at 2024-03-06T16:58:59: Initial prototype for feature extraction in real-time
2024 Activity at 2024-03-06T19:11:02: Optimize neural network architecture for better performance
2024 Activity at 2024-03-06T11:36:30: Optimize neural network architecture for better performance
2024 Activity at 2024-03-06T11:09:16: Fix bug in loss function calculation for edge cases
2024 Activity at 2024-03-06T12:25:14: Fix potential race condition in the data pipeline
2024 Activity at 2024-03-06T19:56:25: Enhance logging for debugging production-level issues
2024 Activity at 2024-03-08T09:40:37: Address code review feedback from the senior team
2024 Activity at 2024-03-08T18:06:06: Add comprehensive unit tests for core ML modules
2024 Activity at 2024-03-08T12:07:34: Add support for multi-GPU training via DDP
2024 Activity at 2024-03-08T13:35:32: Add support for transformer-based models in inference
2024 Activity at 2024-03-11T12:14:51: Improve model serialization and loading efficiency
2024 Activity at 2024-03-11T09:49:04: Enhance logging for debugging production-level issues
2024 Activity at 2024-03-11T10:00:11: Fix bug in loss function calculation for edge cases
2024 Activity at 2024-03-11T19:36:25: Address code review feedback from the senior team
2024 Activity at 2024-03-11T13:52:49: Refactor data loading pipeline for higher throughput
2024 Activity at 2024-03-11T09:01:40: Clean up unused variables and deprecated functions
2024 Activity at 2024-03-13T10:25:25: Optimize neural network architecture for better performance
2024 Activity at 2024-03-13T11:55:45: Optimize neural network architecture for better performance
2024 Activity at 2024-03-13T14:02:52: Add support for multi-GPU training via DDP
2024 Activity at 2024-03-13T13:12:39: Fix bug in loss function calculation for edge cases
2024 Activity at 2024-03-13T17:18:42: Optimize GPU memory allocation for large models
2024 Activity at 2024-03-13T19:42:33: Initial prototype for feature extraction in real-time
2024 Activity at 2024-03-13T16:20:41: Address code review feedback from the senior team
2024 Activity at 2024-03-13T14:09:11: Refactor data loading pipeline for higher throughput
2024 Activity at 2024-03-13T18:37:51: Add support for transformer-based models in inference
2024 Activity at 2024-03-14T11:33:34: Initial prototype for feature extraction in real-time
2024 Activity at 2024-03-14T19:07:31: Update dependencies to latest stable versions (2024)
2024 Activity at 2024-03-15T18:22:30: Add comprehensive unit tests for core ML modules
2024 Activity at 2024-03-18T18:21:54: Merge feature branch into main for the next release
2024 Activity at 2024-03-18T16:19:18: Initial prototype for feature extraction in real-time
2024 Activity at 2024-03-18T13:55:55: Optimize GPU memory allocation for large models
2024 Activity at 2024-03-18T16:38:50: Add support for multi-GPU training via DDP
2024 Activity at 2024-03-18T14:42:03: Initial prototype for feature extraction in real-time
2024 Activity at 2024-03-18T09:58:06: Improve documentation for REST API endpoints
2024 Activity at 2024-03-18T13:58:49: Benchmark inference latency across multiple devices
2024 Activity at 2024-03-18T14:31:37: Add comprehensive unit tests for core ML modules
2024 Activity at 2024-03-18T10:38:53: Sync with upstream repository changes and updates
2024 Activity at 2024-03-18T18:20:34: Benchmark inference latency across multiple devices
2024 Activity at 2024-03-18T11:00:19: Add support for multi-GPU training via DDP
2024 Activity at 2024-03-19T14:49:15: Refactor data loading pipeline for higher throughput
2024 Activity at 2024-03-19T15:55:56: Enhance logging for debugging production-level issues
2024 Activity at 2024-03-19T15:53:55: Refactor data loading pipeline for higher throughput
2024 Activity at 2024-03-19T13:53:20: Initial prototype for feature extraction in real-time
2024 Activity at 2024-03-19T18:02:00: Initial prototype for feature extraction in real-time
2024 Activity at 2024-03-19T17:30:20: Sync with upstream repository changes and updates
2024 Activity at 2024-03-19T14:06:32: Implement early stopping logic in the training loop
2024 Activity at 2024-03-19T10:18:15: Merge feature branch into main for the next release
2024 Activity at 2024-03-19T18:50:58: Sync with upstream repository changes and updates
2024 Activity at 2024-03-21T10:08:22: Refactor data loading pipeline for higher throughput
2024 Activity at 2024-03-21T13:18:30: Fix potential race condition in the data pipeline
2024 Activity at 2024-03-25T18:50:15: Add comprehensive unit tests for core ML modules
2024 Activity at 2024-03-25T18:57:57: Address code review feedback from the senior team
