2025 Activity at 2025-01-02T17:08:42: Fix bug in backpropagation for custom layers
2025 Activity at 2025-01-02T12:04:55: Fix bug in backpropagation for custom layers
2025 Activity at 2025-01-02T17:09:51: Benchmark inference throughput on latest hardware
2025 Activity at 2025-01-02T17:05:55: Sync with latest upstream repository updates
2025 Activity at 2025-01-02T14:25:57: Enhance real-time monitoring for model drift
2025 Activity at 2025-01-02T12:30:28: Sync with latest upstream repository updates
2025 Activity at 2025-01-02T12:49:47: Fix bug in backpropagation for custom layers
2025 Activity at 2025-01-02T19:52:58: Implement adaptive learning rate scheduling
2025 Activity at 2025-01-03T16:52:01: Enhance real-time monitoring for model drift
2025 Activity at 2025-01-03T15:48:09: Update README with 2025 performance benchmarks
2025 Activity at 2025-01-03T11:48:50: Update dependencies to 2025 stable versions
2025 Activity at 2025-01-03T18:36:20: Add support for distributed training across clusters
2025 Activity at 2025-01-03T09:54:24: Benchmark inference throughput on latest hardware
2025 Activity at 2025-01-07T09:37:56: Enhance real-time monitoring for model drift
2025 Activity at 2025-01-07T11:02:58: Add comprehensive integration tests for core modules
2025 Activity at 2025-01-07T09:38:52: Improve model serialization for edge deployment
2025 Activity at 2025-01-07T16:42:11: Address feedback from technical design review
2025 Activity at 2025-01-07T11:25:10: Add support for multimodal models in inference engine
2025 Activity at 2025-01-07T12:52:55: Add comprehensive integration tests for core modules
2025 Activity at 2025-01-07T17:02:46: Initial prototype for agentic workflow integration
2025 Activity at 2025-01-07T13:59:42: Update documentation for new LLMOps features
2025 Activity at 2025-01-07T17:44:07: Update documentation for new LLMOps features
2025 Activity at 2025-01-09T15:33:04: Optimize neural network performance for production workloads
2025 Activity at 2025-01-09T16:19:38: Update documentation for new LLMOps features
2025 Activity at 2025-01-15T16:06:07: Update README with 2025 performance benchmarks
2025 Activity at 2025-01-15T14:31:11: Enhance real-time monitoring for model drift
2025 Activity at 2025-01-15T13:31:30: Add comprehensive integration tests for core modules
2025 Activity at 2025-01-22T19:10:12: Update dependencies to 2025 stable versions
2025 Activity at 2025-01-22T17:53:04: Add support for multimodal models in inference engine
