2023 Activity at 2023-01-03T17:04:38: Clean up unused variables and functions
2023 Activity at 2023-01-03T11:27:04: Improve documentation for API endpoints
2023 Activity at 2023-01-03T14:23:59: Improve model serialization and loading
2023 Activity at 2023-01-03T14:10:50: Improve model serialization and loading
2023 Activity at 2023-01-03T11:28:40: Benchmark inference latency across devices
2023 Activity at 2023-01-03T14:08:23: Sync with upstream repository changes
2023 Activity at 2023-01-03T09:00:11: Sync with upstream repository changes
2023 Activity at 2023-01-03T18:15:24: Fix bug in loss function calculation
2023 Activity at 2023-01-03T11:38:53: Improve model serialization and loading
2023 Activity at 2023-01-03T19:58:47: Implement early stopping in training loop
2023 Activity at 2023-01-03T11:20:05: Optimize neural network architecture
2023 Activity at 2023-01-03T17:23:02: Implement early stopping in training loop
2023 Activity at 2023-01-04T17:21:14: Add support for multi-GPU training
2023 Activity at 2023-01-06T18:31:11: Update dependencies to latest stable versions
2023 Activity at 2023-01-11T15:32:00: Add unit tests for core modules
2023 Activity at 2023-01-11T16:49:55: Merge feature branch into main
2023 Activity at 2023-01-11T14:43:14: Initial prototype for feature extraction
2023 Activity at 2023-01-12T09:07:56: Implement early stopping in training loop
2023 Activity at 2023-01-12T15:20:41: Add support for multi-GPU training
2023 Activity at 2023-01-12T18:24:45: Fix race condition in data pipeline
2023 Activity at 2023-01-12T16:31:37: Address code review feedback
2023 Activity at 2023-01-12T19:22:54: Fix race condition in data pipeline
2023 Activity at 2023-01-12T17:13:52: Implement early stopping in training loop
2023 Activity at 2023-01-12T17:38:04: Sync with upstream repository changes
2023 Activity at 2023-01-12T12:54:15: Fix bug in loss function calculation
2023 Activity at 2023-01-12T19:15:16: Update dependencies to latest stable versions
2023 Activity at 2023-01-12T12:19:03: Implement early stopping in training loop
2023 Activity at 2023-01-12T12:23:32: Update dependencies to latest stable versions
2023 Activity at 2023-01-12T19:10:25: Initial prototype for feature extraction
2023 Activity at 2023-01-13T15:28:06: Fix bug in loss function calculation
2023 Activity at 2023-01-13T14:04:48: Add unit tests for core modules
2023 Activity at 2023-01-13T10:26:41: Merge feature branch into main
2023 Activity at 2023-01-17T17:53:54: Initial prototype for feature extraction
2023 Activity at 2023-01-19T14:43:56: Refactor data loader for faster training
2023 Activity at 2023-01-19T09:39:30: Enhance logging for debugging production issues
2023 Activity at 2023-01-19T11:04:50: Merge feature branch into main
2023 Activity at 2023-01-19T09:44:00: Address code review feedback
2023 Activity at 2023-01-19T09:13:21: Clean up unused variables and functions
2023 Activity at 2023-01-19T17:13:01: Optimize neural network architecture
2023 Activity at 2023-01-19T13:09:03: Sync with upstream repository changes
2023 Activity at 2023-01-19T19:21:26: Add support for transformer-based models
2023 Activity at 2023-01-19T12:44:48: Add unit tests for core modules
2023 Activity at 2023-01-19T14:33:51: Merge feature branch into main
2023 Activity at 2023-01-19T17:28:20: Enhance logging for debugging production issues
2023 Activity at 2023-01-20T13:55:49: Benchmark inference latency across devices
2023 Activity at 2023-01-20T12:09:20: Improve documentation for API endpoints
2023 Activity at 2023-01-20T09:50:52: Clean up unused variables and functions
2023 Activity at 2023-01-20T09:52:04: Initial prototype for feature extraction
2023 Activity at 2023-01-20T09:34:03: Fix bug in loss function calculation
2023 Activity at 2023-01-23T13:48:47: Fix bug in loss function calculation
2023 Activity at 2023-01-23T18:01:09: Enhance logging for debugging production issues
2023 Activity at 2023-01-23T19:49:23: Fix bug in loss function calculation
2023 Activity at 2023-01-23T13:26:26: Benchmark inference latency across devices
2023 Activity at 2023-01-23T18:19:02: Optimize GPU memory allocation
2023 Activity at 2023-01-23T19:48:37: Add unit tests for core modules
2023 Activity at 2023-01-23T15:39:31: Refactor data loader for faster training
2023 Activity at 2023-01-23T11:10:20: Address code review feedback
2023 Activity at 2023-01-23T15:54:19: Add support for multi-GPU training
2023 Activity at 2023-01-24T19:18:55: Address code review feedback
2023 Activity at 2023-01-24T11:37:37: Add support for multi-GPU training
2023 Activity at 2023-01-26T16:24:21: Optimize GPU memory allocation
2023 Activity at 2023-01-26T15:17:28: Enhance logging for debugging production issues
2023 Activity at 2023-01-26T19:37:07: Sync with upstream repository changes
2023 Activity at 2023-01-26T19:46:54: Update dependencies to latest stable versions
2023 Activity at 2023-01-26T13:17:37: Address code review feedback
2023 Activity at 2023-01-26T18:30:06: Implement early stopping in training loop
2023 Activity at 2023-01-26T14:38:45: Add unit tests for core modules
2023 Activity at 2023-01-26T18:12:46: Implement early stopping in training loop
2023 Activity at 2023-01-26T18:12:16: Add support for transformer-based models
2023 Activity at 2023-01-27T12:34:11: Address code review feedback
2023 Activity at 2023-01-27T10:08:13: Initial prototype for feature extraction
2023 Activity at 2023-01-27T15:13:11: Refactor data loader for faster training
2023 Activity at 2023-01-27T17:40:45: Enhance logging for debugging production issues
2023 Activity at 2023-01-27T19:34:20: Add support for multi-GPU training
2023 Activity at 2023-01-27T11:35:04: Fix race condition in data pipeline
2023 Activity at 2023-01-27T17:52:15: Clean up unused variables and functions
2023 Activity at 2023-01-27T18:55:18: Add support for transformer-based models
2023 Activity at 2023-01-30T15:52:37: Add support for transformer-based models
2023 Activity at 2023-01-30T14:33:27: Address code review feedback
2023 Activity at 2023-01-30T19:08:10: Refactor data loader for faster training
2023 Activity at 2023-01-30T18:42:26: Clean up unused variables and functions
2023 Activity at 2023-01-30T16:41:29: Fix bug in loss function calculation
