Robust Activity at 2023-01-09T18:02:07: Enhance logging for debugging production issues
Robust Activity at 2023-01-09T10:35:55: Initial prototype for feature extraction
Robust Activity at 2023-01-11T15:21:46: Fix race condition in data pipeline
Robust Activity at 2023-01-11T16:35:43: Add support for multi-GPU training
Robust Activity at 2023-01-11T10:33:41: Initial prototype for feature extraction
Robust Activity at 2023-01-11T17:21:21: Merge feature branch into main
Robust Activity at 2023-01-11T11:31:26: Refactor data loader for faster training
Robust Activity at 2023-01-16T18:03:02: Update README with new performance metrics
Robust Activity at 2023-01-16T09:50:07: Update dependencies to latest stable versions
Robust Activity at 2023-01-16T17:44:38: Add support for transformer-based models
Robust Activity at 2023-01-17T14:38:34: Improve documentation for API endpoints
Robust Activity at 2023-01-17T09:18:50: Optimize neural network architecture
Robust Activity at 2023-01-17T13:04:26: Clean up unused variables and functions
Robust Activity at 2023-01-17T12:43:41: Address code review feedback
Robust Activity at 2023-01-17T18:17:19: Fix bug in loss function calculation
Robust Activity at 2023-01-19T18:50:57: Benchmark inference latency across devices
Robust Activity at 2023-01-19T11:48:05: Optimize neural network architecture
Robust Activity at 2023-01-19T17:50:18: Enhance logging for debugging production issues
Robust Activity at 2023-01-19T15:07:53: Add support for transformer-based models
Robust Activity at 2023-01-19T12:39:49: Add support for multi-GPU training
Robust Activity at 2023-01-19T17:43:44: Implement early stopping in training loop
Robust Activity at 2023-01-23T16:58:58: Improve model serialization and loading
